2011-05-25 16:16:09: Executing MySQL Backup Script v1.4
2011-05-25 16:16:09: Processing Databases..
2011-05-25 16:16:09: Dumped DB: mysql
2011-05-25 16:16:09: Compressed DB: mysql
2011-05-25 16:16:09: Dumped DB: test
2011-05-25 16:16:09: Compressed DB: test
2011-05-25 16:16:10: Dumped DB: wes-bradleyreps
2011-05-25 16:16:10: Compressed DB: wes-bradleyreps
2011-05-25 16:16:11: Dumped DB: wes-kidsplayworld
2011-05-25 16:16:11: Compressed DB: wes-kidsplayworld
2011-05-25 16:16:12: Dumped DB: wes-mega
2011-05-25 16:16:14: Compressed DB: wes-mega
2011-05-25 16:16:14: Dumped DB: wes-osplacejazz
2011-05-25 16:16:15: Compressed DB: wes-osplacejazz
2011-05-25 16:16:16: Dumped DB: wes-servicesperfect
2011-05-25 16:16:16: Compressed DB: wes-servicesperfect
2011-05-25 16:16:16: Dumped DB: wes-shebeads
2011-05-25 16:16:18: Compressed DB: wes-shebeads
2011-05-25 16:16:18: Archiving files..
2011-05-25 16:16:18: Backup complete!
2011-05-25 16:16:18: Emailing backup to karl@webksd.com ..
