2011-05-04 00:37:56: Executing MySQL Backup Script v1.4
2011-05-04 00:37:56: Processing Databases..
2011-05-04 00:37:57: Dumped DB: mysql
2011-05-04 00:37:57: Compressed DB: mysql
2011-05-04 00:37:57: Dumped DB: test
2011-05-04 00:37:57: Compressed DB: test
2011-05-04 00:37:58: Dumped DB: wes-bradleyreps
2011-05-04 00:37:59: Compressed DB: wes-bradleyreps
2011-05-04 00:37:59: Dumped DB: wes-kidsplayworld
2011-05-04 00:38:00: Compressed DB: wes-kidsplayworld
2011-05-04 00:38:01: Dumped DB: wes-mega
2011-05-04 00:38:03: Compressed DB: wes-mega
2011-05-04 00:38:03: Dumped DB: wes-osplacejazz
2011-05-04 00:38:04: Compressed DB: wes-osplacejazz
2011-05-04 00:38:05: Dumped DB: wes-servicesperfect
2011-05-04 00:38:05: Compressed DB: wes-servicesperfect
2011-05-04 00:38:05: Dumped DB: wes-shebeads
2011-05-04 00:38:06: Compressed DB: wes-shebeads
2011-05-04 00:38:06: Archiving files..
2011-05-04 00:38:06: Backup complete!
2011-05-04 00:38:06: Emailing backup to karl@webksd.com ..
